android/app/build/outputs/mapping/release/seeds.txt
com.dashandots.sugslloydsvendorapp.MainApplication
com.dashandots.sugslloydsvendorapp.MainActivity
com.dashandots.sugslloydsvendorapp.MainActivity: MainActivity()
com.dashandots.sugslloydsvendorapp.MainApplication: MainApplication()
...
com.facebook.react.modules.toast.ToastModule: void show(java.lang.String,double)
com.rnmaps.maps.MapUrlTile: com.google.android.gms.maps.model.TileOverlayOptions getTileOverlayOptions()
org.reactnative.maskedview.RNCMaskedViewManager: org.reactnative.maskedview.RNCMaskedView createViewInstance(com.facebook.react.uimanager.ThemedReactContext)
com.facebook.react.bridge.WritableNativeMap: void putNativeArray(java.lang.String,com.facebook.react.bridge.ReadableNativeArray)
com.facebook.fbreact.specs.NativeAnimatedModuleSpec: void flattenAnimatedNodeOffset(double)
com.facebook.react.fabric.SurfaceHandlerBinding: void setDisplayModeNative(int)
expo.modules.kotlin.jni.JSIContext: void setNativeStateForSharedObject(int,expo.modules.kotlin.jni.JavaScriptObject)
com.facebook.react.bridge.JavaMethodWrapper$8: JavaMethodWrapper$8()
com.facebook.react.bridge.ReactMarker: void logFabricMarker(com.facebook.react.bridge.ReactMarkerConstants,java.lang.String,int)
com.google.android.material.appbar.AppBarLayout: int getDownNestedScrollRange()
com.facebook.react.views.scroll.ReactScrollView: void setEnableSyncOnScroll(boolean)
androidx.camera.extensions.internal.sessionprocessor.AdvancedSessionProcessor$RequestProcessorImplAdapter: void abortCaptures()
com.facebook.react.views.text.ReactTextViewManager: com.facebook.react.views.text.ReactTextShadowNode createShadowNodeInstance(com.facebook.react.views.text.ReactTextViewManagerCallback)
com.facebook.common.time.MonotonicNanoClock: long now()
androidx.constraintlayout.widget.ConstraintLayout: void setMaxHeight(int)
com.google.android.material.chip.Chip: void setCheckableResource(int)
com.facebook.jni.IteratorHelper: IteratorHelper(java.lang.Iterable)
androidx.appcompat.widget.Toolbar: int getContentInsetEndWithActions()
com.facebook.react.uimanager.BaseViewManager: java.util.Map getExportedCustomDirectEventTypeConstants()
androidx.lifecycle.ReportFragment$LifecycleCallbacks: void onActivityPostStarted(android.app.Activity)
com.facebook.react.views.text.ReactBaseTextShadowNode: void setAccessibilityRole(java.lang.String)
expo.modules.camera.records.VideoQuality: androidx.camera.video.Quality mapToQuality()
com.facebook.react.internal.featureflags.ReactNativeFeatureFlagsCxxInterop: boolean enableLongTaskAPI()
com.facebook.react.uimanager.ViewManager: void updateProperties(android.view.View,com.facebook.react.uimanager.ReactStylesDiffMap)
com.swmansion.gesturehandler.react.RNGestureHandlerModule: void install$lambda$2(com.swmansion.gesturehandler.react.RNGestureHandlerModule)
com.swmansion.rnscreens.ScreenContainer: void setFragmentManager(androidx.fragment.app.FragmentManager)
com.swmansion.rnscreens.SearchBarManager: void cancelSearch(com.swmansion.rnscreens.SearchBarView)
com.facebook.react.views.modal.ReactModalHostManager: void onDropViewInstance(android.view.View)
com.swmansion.rnscreens.ScreenViewManager: void setNavigationBarColor(android.view.View,java.lang.Integer)
androidx.fragment.app.strictmode.FragmentStrictMode$Flag: androidx.fragment.app.strictmode.FragmentStrictMode$Flag[] values()
com.facebook.react.modules.blob.BlobModule: void addWebSocketHandler(double)
com.facebook.yoga.YogaNative: void jni_YGNodeStyleSetAlignSelfJNI(long,int)
com.facebook.react.views.text.TextTransform: com.facebook.react.views.text.TextTransform[] values()
com.facebook.react.views.image.ReactImageView: void setHeaders(com.facebook.react.bridge.ReadableMap)
com.facebook.react.interfaces.exceptionmanager.ReactJsExceptionHandler$ParsedError: java.lang.String getMessage()
com.facebook.fbreact.specs.NativeRedBoxSpec: java.lang.String getName()
com.rnmaps.maps.MapUrlTile: void setTileCachePath(java.lang.String)
com.facebook.react.modules.network.NetworkingModule: NetworkingModule(com.facebook.react.bridge.ReactApplicationContext,java.lang.String,okhttp3.OkHttpClient,java.util.List)